d:\cce\cce senior 1\graphics\project\build\main.dir\debug\vc142.pdb
d:\cce\cce senior 1\graphics\project\build\main.dir\debug\imgui_impl_opengl3.obj
d:\cce\cce senior 1\graphics\project\build\main.dir\debug\imgui_impl_glfw.obj
d:\cce\cce senior 1\graphics\project\build\main.dir\debug\imgui_widgets.obj
d:\cce\cce senior 1\graphics\project\build\main.dir\debug\imgui_draw.obj
d:\cce\cce senior 1\graphics\project\build\main.dir\debug\imgui_demo.obj
d:\cce\cce senior 1\graphics\project\build\main.dir\debug\imgui.obj
d:\cce\cce senior 1\graphics\project\build\main.dir\debug\screenshot.obj
d:\cce\cce senior 1\graphics\project\build\main.dir\debug\texture-utils.obj
d:\cce\cce senior 1\graphics\project\build\main.dir\debug\mesh-utils.obj
d:\cce\cce senior 1\graphics\project\build\main.dir\debug\shader.obj
d:\cce\cce senior 1\graphics\project\build\main.dir\debug\application.obj
d:\cce\cce senior 1\graphics\project\build\main.dir\debug\main.obj
d:\cce\cce senior 1\graphics\project\build\main.dir\debug\gl.obj
g:\uni\senior-1\graphics\project\project\build\main.dir\debug\vc142.pdb
g:\uni\senior-1\graphics\project\project\build\main.dir\debug\imgui_impl_opengl3.obj
g:\uni\senior-1\graphics\project\project\build\main.dir\debug\imgui_impl_glfw.obj
g:\uni\senior-1\graphics\project\project\build\main.dir\debug\imgui_widgets.obj
g:\uni\senior-1\graphics\project\project\build\main.dir\debug\imgui_draw.obj
g:\uni\senior-1\graphics\project\project\build\main.dir\debug\imgui_demo.obj
g:\uni\senior-1\graphics\project\project\build\main.dir\debug\imgui.obj
g:\uni\senior-1\graphics\project\project\build\main.dir\debug\screenshot.obj
g:\uni\senior-1\graphics\project\project\build\main.dir\debug\texture-utils.obj
g:\uni\senior-1\graphics\project\project\build\main.dir\debug\mesh-utils.obj
g:\uni\senior-1\graphics\project\project\build\main.dir\debug\shader.obj
g:\uni\senior-1\graphics\project\project\build\main.dir\debug\application.obj
g:\uni\senior-1\graphics\project\project\build\main.dir\debug\main.obj
g:\uni\senior-1\graphics\project\project\build\main.dir\debug\gl.obj
d:\cce\cce senior 1\graphics\projectphase1\project\build\main.dir\debug\vc142.pdb
d:\cce\cce senior 1\graphics\projectphase1\project\build\main.dir\debug\imgui_impl_opengl3.obj
d:\cce\cce senior 1\graphics\projectphase1\project\build\main.dir\debug\imgui_impl_glfw.obj
d:\cce\cce senior 1\graphics\projectphase1\project\build\main.dir\debug\imgui_widgets.obj
d:\cce\cce senior 1\graphics\projectphase1\project\build\main.dir\debug\imgui_draw.obj
d:\cce\cce senior 1\graphics\projectphase1\project\build\main.dir\debug\imgui_demo.obj
d:\cce\cce senior 1\graphics\projectphase1\project\build\main.dir\debug\imgui.obj
d:\cce\cce senior 1\graphics\projectphase1\project\build\main.dir\debug\screenshot.obj
d:\cce\cce senior 1\graphics\projectphase1\project\build\main.dir\debug\texture-utils.obj
d:\cce\cce senior 1\graphics\projectphase1\project\build\main.dir\debug\mesh-utils.obj
d:\cce\cce senior 1\graphics\projectphase1\project\build\main.dir\debug\shader.obj
d:\cce\cce senior 1\graphics\projectphase1\project\build\main.dir\debug\application.obj
d:\cce\cce senior 1\graphics\projectphase1\project\build\main.dir\debug\main.obj
d:\cce\cce senior 1\graphics\projectphase1\project\build\main.dir\debug\gl.obj
g:\uni\senior-1\graphics\projectgithub\project\build\main.dir\debug\vc142.pdb
g:\uni\senior-1\graphics\projectgithub\project\build\main.dir\debug\imgui_impl_opengl3.obj
g:\uni\senior-1\graphics\projectgithub\project\build\main.dir\debug\imgui_impl_glfw.obj
g:\uni\senior-1\graphics\projectgithub\project\build\main.dir\debug\imgui_widgets.obj
g:\uni\senior-1\graphics\projectgithub\project\build\main.dir\debug\imgui_draw.obj
g:\uni\senior-1\graphics\projectgithub\project\build\main.dir\debug\imgui_demo.obj
g:\uni\senior-1\graphics\projectgithub\project\build\main.dir\debug\imgui.obj
g:\uni\senior-1\graphics\projectgithub\project\build\main.dir\debug\screenshot.obj
g:\uni\senior-1\graphics\projectgithub\project\build\main.dir\debug\texture-utils.obj
g:\uni\senior-1\graphics\projectgithub\project\build\main.dir\debug\mesh-utils.obj
g:\uni\senior-1\graphics\projectgithub\project\build\main.dir\debug\shader.obj
g:\uni\senior-1\graphics\projectgithub\project\build\main.dir\debug\application.obj
g:\uni\senior-1\graphics\projectgithub\project\build\main.dir\debug\main.obj
g:\uni\senior-1\graphics\projectgithub\project\build\main.dir\debug\gl.obj
d:\cce\cce senior 1\graphics\projectphase1\project\build\main.dir\debug\ex14_projection.obj
d:\cce\cce senior 1\graphics\projectphase1\project\build\cmakefiles\generate.stamp
d:\cce\cce senior 1\graphics\project\build\debug\main.exe
d:\cce\cce senior 1\graphics\project\build\debug\main.ilk
d:\cce\cce senior 1\graphics\project\build\debug\main.pdb
g:\uni\senior-1\graphics\project\project\build\debug\main.exe
g:\uni\senior-1\graphics\project\project\build\debug\main.ilk
g:\uni\senior-1\graphics\project\project\build\debug\main.pdb
g:\uni\senior-1\graphics\projectgithub\project\build\debug\main.ilk
g:\uni\senior-1\graphics\projectgithub\project\build\debug\main.exe
g:\uni\senior-1\graphics\projectgithub\project\build\debug\main.pdb
d:\cce\cce senior 1\graphics\project\build\debug\main.lib
d:\cce\cce senior 1\graphics\project\build\debug\main.exp
g:\uni\senior-1\graphics\project\project\build\debug\main.lib
g:\uni\senior-1\graphics\project\project\build\debug\main.exp
d:\cce\cce senior 1\graphics\projectphase1\project\build\debug\main.lib
d:\cce\cce senior 1\graphics\projectphase1\project\build\debug\main.exp
g:\uni\senior-1\graphics\projectgithub\project\build\debug\main.lib
g:\uni\senior-1\graphics\projectgithub\project\build\debug\main.exp
d:\cce\cce senior 1\graphics\projectphase1\project\build\debug\main.pdb
d:\cce\cce senior 1\graphics\projectphase1\project\build\main.dir\debug\main.tlog\cl.command.1.tlog
d:\cce\cce senior 1\graphics\projectphase1\project\build\main.dir\debug\main.tlog\cl.read.1.tlog
d:\cce\cce senior 1\graphics\projectphase1\project\build\main.dir\debug\main.tlog\cl.write.1.tlog
d:\cce\cce senior 1\graphics\projectphase1\project\build\main.dir\debug\main.tlog\custombuild.command.1.tlog
d:\cce\cce senior 1\graphics\projectphase1\project\build\main.dir\debug\main.tlog\custombuild.read.1.tlog
d:\cce\cce senior 1\graphics\projectphase1\project\build\main.dir\debug\main.tlog\custombuild.write.1.tlog
d:\cce\cce senior 1\graphics\projectphase1\project\build\main.dir\debug\main.tlog\link-cvtres.read.1.tlog
d:\cce\cce senior 1\graphics\projectphase1\project\build\main.dir\debug\main.tlog\link-cvtres.write.1.tlog
d:\cce\cce senior 1\graphics\projectphase1\project\build\main.dir\debug\main.tlog\link-rc.read.1.tlog
d:\cce\cce senior 1\graphics\projectphase1\project\build\main.dir\debug\main.tlog\link-rc.write.1.tlog
d:\cce\cce senior 1\graphics\projectphase1\project\build\main.dir\debug\main.tlog\link.16276-cvtres.read.1.tlog
d:\cce\cce senior 1\graphics\projectphase1\project\build\main.dir\debug\main.tlog\link.16276-cvtres.write.1.tlog
d:\cce\cce senior 1\graphics\projectphase1\project\build\main.dir\debug\main.tlog\link.16276-rc.read.1.tlog
d:\cce\cce senior 1\graphics\projectphase1\project\build\main.dir\debug\main.tlog\link.16276-rc.write.1.tlog
d:\cce\cce senior 1\graphics\projectphase1\project\build\main.dir\debug\main.tlog\link.16276.read.1.tlog
d:\cce\cce senior 1\graphics\projectphase1\project\build\main.dir\debug\main.tlog\link.16276.read.2.tlog
d:\cce\cce senior 1\graphics\projectphase1\project\build\main.dir\debug\main.tlog\link.16276.write.1.tlog
d:\cce\cce senior 1\graphics\projectphase1\project\build\main.dir\debug\main.tlog\link.command.1.tlog
d:\cce\cce senior 1\graphics\projectphase1\project\build\main.dir\debug\main.tlog\link.delete.1.tlog
d:\cce\cce senior 1\graphics\projectphase1\project\build\main.dir\debug\main.tlog\link.read.1.tlog
d:\cce\cce senior 1\graphics\projectphase1\project\build\main.dir\debug\main.tlog\link.read.2.tlog
d:\cce\cce senior 1\graphics\projectphase1\project\build\main.dir\debug\main.tlog\link.write.1.tlog
d:\cce\cce senior 1\graphics\projectphase1\project\build\main.dir\debug\main.tlog\main.write.1u.tlog
